1513736318603	geckodriver	INFO	geckodriver 0.19.0
1513736318626	geckodriver	INFO	Listening on 127.0.0.1:52789
1512022513095	mozrunner::runner	INFO	Running command: "d:\\Program Files\\Mozilla Firefox\\firefox.exe" "-marionette" "-profile" "C:\\Users\\HASEE\\AppData\\Local\\Temp\\rust_mozprofile.GlJGIQmf4Np0"
1512022514099	addons.manager	DEBUG	Application has been upgraded
1512022514121	addons.manager	DEBUG	Loaded provider scope for resource://gre/modules/addons/XPIProvider.jsm: ["XPIProvider", "XPIInternal"]
1512022514122	addons.manager	DEBUG	Loaded provider scope for resource://gre/modules/LightweightThemeManager.jsm: ["LightweightThemeManager"]
1512022514138	addons.manager	DEBUG	Loaded provider scope for resource://gre/modules/addons/GMPProvider.jsm
1512022514140	addons.manager	DEBUG	Loaded provider scope for resource://gre/modules/addons/PluginProvider.jsm
1512022514140	addons.manager	DEBUG	Starting provider: XPIProvider
1512022514140	addons.xpi	DEBUG	startup
1512022514141	addons.xpi	INFO	SystemAddonInstallLocation directory is missing
1512022514141	addons.xpi	INFO	Removing all system add-on upgrades.
1512022514141	addons.xpi	DEBUG	checkForChanges
1512022514142	addons.xpi	DEBUG	Loaded add-on state: ${}
1512022514143	addons.xpi	INFO	Mapping {b749fc7c-e949-447f-926c-3f4eed6accfe} to C:\Users\HASEE\AppData\Local\Temp\rust_mozprofile.GlJGIQmf4Np0\extensions\{b749fc7c-e949-447f-926c-3f4eed6accfe}
1512022514143	addons.xpi	DEBUG	New add-on {b749fc7c-e949-447f-926c-3f4eed6accfe} in app-profile
1512022514144	addons.xpi	INFO	Mapping {b749fc7c-e949-447f-926c-3f4eed6accfe} to C:\Users\HASEE\AppData\Local\Temp\rust_mozprofile.GlJGIQmf4Np0\extensions\{b749fc7c-e949-447f-926c-3f4eed6accfe}
1512022514145	addons.xpi	INFO	Mapping activity-stream@mozilla.org to D:\Program Files\Mozilla Firefox\browser\features\activity-stream@mozilla.org.xpi
1512022514145	addons.xpi	INFO	Mapping aushelper@mozilla.org to D:\Program Files\Mozilla Firefox\browser\features\aushelper@mozilla.org.xpi
1512022514145	addons.xpi	INFO	Mapping e10srollout@mozilla.org to D:\Program Files\Mozilla Firefox\browser\features\e10srollout@mozilla.org.xpi
1512022514145	addons.xpi	INFO	Mapping firefox@getpocket.com to D:\Program Files\Mozilla Firefox\browser\features\firefox@getpocket.com.xpi
1512022514145	addons.xpi	INFO	Mapping followonsearch@mozilla.com to D:\Program Files\Mozilla Firefox\browser\features\followonsearch@mozilla.com.xpi
1512022514145	addons.xpi	INFO	Mapping formautofill@mozilla.org to D:\Program Files\Mozilla Firefox\browser\features\formautofill@mozilla.org.xpi
1512022514145	addons.xpi	INFO	Mapping onboarding@mozilla.org to D:\Program Files\Mozilla Firefox\browser\features\onboarding@mozilla.org.xpi
1512022514146	addons.xpi	INFO	Mapping screenshots@mozilla.org to D:\Program Files\Mozilla Firefox\browser\features\screenshots@mozilla.org.xpi
1512022514146	addons.xpi	INFO	Mapping shield-recipe-client@mozilla.org to D:\Program Files\Mozilla Firefox\browser\features\shield-recipe-client@mozilla.org.xpi
1512022514146	addons.xpi	INFO	Mapping webcompat@mozilla.org to D:\Program Files\Mozilla Firefox\browser\features\webcompat@mozilla.org.xpi
1512022514146	addons.xpi	DEBUG	New add-on activity-stream@mozilla.org in app-system-defaults
1512022514147	addons.xpi	INFO	Mapping activity-stream@mozilla.org to D:\Program Files\Mozilla Firefox\browser\features\activity-stream@mozilla.org.xpi
1512022514147	addons.xpi	DEBUG	New add-on aushelper@mozilla.org in app-system-defaults
1512022514147	addons.xpi	INFO	Mapping aushelper@mozilla.org to D:\Program Files\Mozilla Firefox\browser\features\aushelper@mozilla.org.xpi
1512022514147	addons.xpi	DEBUG	New add-on e10srollout@mozilla.org in app-system-defaults
1512022514147	addons.xpi	INFO	Mapping e10srollout@mozilla.org to D:\Program Files\Mozilla Firefox\browser\features\e10srollout@mozilla.org.xpi
1512022514147	addons.xpi	DEBUG	New add-on firefox@getpocket.com in app-system-defaults
1512022514148	addons.xpi	INFO	Mapping firefox@getpocket.com to D:\Program Files\Mozilla Firefox\browser\features\firefox@getpocket.com.xpi
1512022514148	addons.xpi	DEBUG	New add-on followonsearch@mozilla.com in app-system-defaults
1512022514148	addons.xpi	INFO	Mapping followonsearch@mozilla.com to D:\Program Files\Mozilla Firefox\browser\features\followonsearch@mozilla.com.xpi
1512022514148	addons.xpi	DEBUG	New add-on formautofill@mozilla.org in app-system-defaults
1512022514148	addons.xpi	INFO	Mapping formautofill@mozilla.org to D:\Program Files\Mozilla Firefox\browser\features\formautofill@mozilla.org.xpi
1512022514148	addons.xpi	DEBUG	New add-on onboarding@mozilla.org in app-system-defaults
1512022514148	addons.xpi	INFO	Mapping onboarding@mozilla.org to D:\Program Files\Mozilla Firefox\browser\features\onboarding@mozilla.org.xpi
1512022514148	addons.xpi	DEBUG	New add-on screenshots@mozilla.org in app-system-defaults
1512022514149	addons.xpi	INFO	Mapping screenshots@mozilla.org to D:\Program Files\Mozilla Firefox\browser\features\screenshots@mozilla.org.xpi
1512022514149	addons.xpi	DEBUG	New add-on shield-recipe-client@mozilla.org in app-system-defaults
1512022514149	addons.xpi	INFO	Mapping shield-recipe-client@mozilla.org to D:\Program Files\Mozilla Firefox\browser\features\shield-recipe-client@mozilla.org.xpi
1512022514149	addons.xpi	DEBUG	New add-on webcompat@mozilla.org in app-system-defaults
1512022514149	addons.xpi	INFO	Mapping webcompat@mozilla.org to D:\Program Files\Mozilla Firefox\browser\features\webcompat@mozilla.org.xpi
1512022514150	addons.xpi	INFO	Mapping {972ce4c6-7e08-4474-a285-3208198ce6fd} to D:\Program Files\Mozilla Firefox\browser\extensions\{972ce4c6-7e08-4474-a285-3208198ce6fd}.xpi
1512022514150	addons.xpi	DEBUG	New add-on {972ce4c6-7e08-4474-a285-3208198ce6fd} in app-global
1512022514150	addons.xpi	INFO	Mapping {972ce4c6-7e08-4474-a285-3208198ce6fd} to D:\Program Files\Mozilla Firefox\browser\extensions\{972ce4c6-7e08-4474-a285-3208198ce6fd}.xpi
1512022514150	addons.xpi	DEBUG	getInstallState changed: true, state: {}
1512022514150	addons.xpi	INFO	SystemAddonInstallLocation directory is missing
1512022514154	addons.xpi-utils	DEBUG	Opening XPI database C:\Users\HASEE\AppData\Local\Temp\rust_mozprofile.GlJGIQmf4Np0\extensions.json
1512022514155	addons.xpi-utils	DEBUG	New add-on {b749fc7c-e949-447f-926c-3f4eed6accfe} installed in app-profile
*** Blocklist::_loadBlocklistFromFile: blocklist is disabled
1512022514220	addons.xpi	WARN	Add-on {b749fc7c-e949-447f-926c-3f4eed6accfe} is not correctly signed.
1512022514220	addons.xpi	WARN	Add-on {b749fc7c-e949-447f-926c-3f4eed6accfe} is not correctly signed.
1512022514220	addons.xpi	WARN	Add-on {b749fc7c-e949-447f-926c-3f4eed6accfe} is not correctly signed.
1512022514222	DeferredSave.extensions.json	DEBUG	Save changes
1512022514223	addons.xpi-utils	DEBUG	New add-on activity-stream@mozilla.org installed in app-system-defaults
1512022514224	DeferredSave.extensions.json	DEBUG	Starting timer
1512022514226	DeferredSave.extensions.json	DEBUG	Save changes
1512022514226	addons.xpi-utils	DEBUG	New add-on aushelper@mozilla.org installed in app-system-defaults
1512022514228	DeferredSave.extensions.json	DEBUG	Save changes
1512022514228	addons.xpi-utils	DEBUG	New add-on e10srollout@mozilla.org installed in app-system-defaults
1512022514230	DeferredSave.extensions.json	DEBUG	Save changes
1512022514230	addons.xpi-utils	DEBUG	New add-on firefox@getpocket.com installed in app-system-defaults
1512022514233	DeferredSave.extensions.json	DEBUG	Save changes
1512022514233	addons.xpi-utils	DEBUG	New add-on followonsearch@mozilla.com installed in app-system-defaults
1512022514235	DeferredSave.extensions.json	DEBUG	Save changes
1512022514236	addons.xpi-utils	DEBUG	New add-on formautofill@mozilla.org installed in app-system-defaults
1512022514238	DeferredSave.extensions.json	DEBUG	Save changes
1512022514238	addons.xpi-utils	DEBUG	New add-on onboarding@mozilla.org installed in app-system-defaults
1512022514240	DeferredSave.extensions.json	DEBUG	Save changes
1512022514241	addons.xpi-utils	DEBUG	New add-on screenshots@mozilla.org installed in app-system-defaults
1512022514244	DeferredSave.extensions.json	DEBUG	Save changes
1512022514244	addons.xpi-utils	DEBUG	New add-on shield-recipe-client@mozilla.org installed in app-system-defaults
1512022514246	DeferredSave.extensions.json	DEBUG	Save changes
1512022514247	addons.xpi-utils	DEBUG	New add-on webcompat@mozilla.org installed in app-system-defaults
1512022514249	DeferredSave.extensions.json	DEBUG	Save changes
1512022514249	addons.xpi-utils	DEBUG	New add-on {972ce4c6-7e08-4474-a285-3208198ce6fd} installed in app-global
1512022514251	DeferredSave.extensions.json	DEBUG	Save changes
1512022514251	addons.manager	DEBUG	Registering startup change 'installed' for {b749fc7c-e949-447f-926c-3f4eed6accfe}
1512022514251	addons.xpi-utils	DEBUG	Make addon app-profile:{b749fc7c-e949-447f-926c-3f4eed6accfe} visible
1512022514251	addons.xpi	DEBUG	Updating XPIState for {"id":"{b749fc7c-e949-447f-926c-3f4eed6accfe}","syncGUID":"{aea1075c-f06d-4073-81ff-0bb67720b7f3}","location":"app-profile","version":"0.7.1.1","type":"extension","internalName":null,"updateURL":null,"updateKey":null,"optionsURL":"chrome://modifyheaders/content/preferences.xul","optionsType":null,"aboutURL":null,"defaultLocale":{"name":"Modify Headers","description":"Add, modify and filter HTTP request headers","creator":"Gareth Hunt","homepageURL":"http://www.garethhunt.com/modifyheaders/"},"visible":true,"active":false,"userDisabled":false,"appDisabled":true,"installDate":1512022512970,"updateDate":1512022512970,"applyBackgroundUpdates":1,"bootstrap":false,"path":"C:\\Users\\HASEE\\AppData\\Local\\Temp\\rust_mozprofile.GlJGIQmf4Np0\\extensions\\{b749fc7c-e949-447f-926c-3f4eed6accfe}","skinnable":false,"size":127965,"sourceURI":null,"releaseNotesURI":null,"softDisabled":false,"foreignInstall":true,"hasBinaryComponents":false,"strictCompatibility":false,"locales":[],"targetApplications":[{"id":"{ec8030f7-c20a-464f-9b0e-13a3a9e97384}","minVersion":"4.0","maxVersion":"9.*"}],"targetPlatforms":[],"multiprocessCompatible":false,"signedState":0,"seen":true,"dependencies":[],"hasEmbeddedWebExtension":false,"mpcOptedOut":false,"userPermissions":null,"icons":{},"iconURL":"chrome://modifyheaders/content/icons/ModifyHeaders-48.png","icon64URL":null,"blocklistState":0,"blocklistURL":null}
1512022514253	DeferredSave.extensions.json	DEBUG	Save changes
1512022514253	addons.manager	DEBUG	Registering startup change 'installed' for activity-stream@mozilla.org
1512022514259	addons.xpi	DEBUG	Loading bootstrap scope from D:\Program Files\Mozilla Firefox\browser\features\activity-stream@mozilla.org.xpi
1512022514261	addons.xpi	DEBUG	Calling bootstrap method install on activity-stream@mozilla.org version 2017.11.07.1100-7f4e3634
1512022514262	addons.xpi-utils	DEBUG	Make addon app-system-defaults:activity-stream@mozilla.org visible
1512022514262	addons.xpi	DEBUG	Updating XPIState for {"id":"activity-stream@mozilla.org","syncGUID":"{8bae16c4-8b73-4be4-8750-c3bf8ff3ecd3}","location":"app-system-defaults","version":"2017.11.07.1100-7f4e3634","type":"extension","internalName":null,"updateURL":null,"updateKey":null,"optionsURL":null,"optionsType":null,"aboutURL":null,"defaultLocale":{"name":"Activity Stream","description":"A rich visual history feed and a reimagined home page make it easier than ever to find exactly what you're looking for in Firefox.","creator":null,"homepageURL":null},"visible":true,"active":false,"userDisabled":false,"appDisabled":false,"installDate":1511767673480,"updateDate":1511767673480,"applyBackgroundUpdates":1,"bootstrap":true,"path":"D:\\Program Files\\Mozilla Firefox\\browser\\features\\activity-stream@mozilla.org.xpi","skinnable":false,"size":1423180,"sourceURI":null,"releaseNotesURI":null,"softDisabled":false,"foreignInstall":false,"hasBinaryComponents":false,"strictCompatibility":false,"locales":[],"targetApplications":[{"id":"{ec8030f7-c20a-464f-9b0e-13a3a9e97384}","minVersion":"57.0","maxVersion":"57.*"}],"targetPlatforms":[],"multiprocessCompatible":true,"seen":true,"dependencies":[],"hasEmbeddedWebExtension":false,"mpcOptedOut":false,"userPermissions":null,"icons":{},"iconURL":null,"icon64URL":null,"blocklistState":0,"blocklistURL":null}
1512022514262	DeferredSave.extensions.json	DEBUG	Save changes
1512022514262	addons.manager	DEBUG	Registering startup change 'installed' for aushelper@mozilla.org
1512022514263	addons.xpi	DEBUG	Loading bootstrap scope from D:\Program Files\Mozilla Firefox\browser\features\aushelper@mozilla.org.xpi
1512022514264	addons.xpi	DEBUG	Calling bootstrap method install on aushelper@mozilla.org version 2.0
1512022514264	addons.xpi-utils	DEBUG	Make addon app-system-defaults:aushelper@mozilla.org visible
1512022514264	addons.xpi	DEBUG	Updating XPIState for {"id":"aushelper@mozilla.org","syncGUID":"{1cd1d26b-570b-4021-8cff-f5d08be50d2b}","location":"app-system-defaults","version":"2.0","type":"extension","internalName":null,"updateURL":null,"updateKey":null,"optionsURL":null,"optionsType":null,"aboutURL":null,"defaultLocale":{"name":"Application Update Service Helper","description":"Sets value(s) in the update url based on custom checks.","creator":null,"homepageURL":null},"visible":true,"active":false,"userDisabled":false,"appDisabled":false,"installDate":1511767673402,"updateDate":1511767673402,"applyBackgroundUpdates":1,"bootstrap":true,"path":"D:\\Program Files\\Mozilla Firefox\\browser\\features\\aushelper@mozilla.org.xpi","skinnable":false,"size":8486,"sourceURI":null,"releaseNotesURI":null,"softDisabled":false,"foreignInstall":false,"hasBinaryComponents":false,"strictCompatibility":false,"locales":[],"targetApplications":[{"id":"{ec8030f7-c20a-464f-9b0e-13a3a9e97384}","minVersion":"57.0","maxVersion":"57.*"}],"targetPlatforms":[],"multiprocessCompatible":true,"seen":true,"dependencies":[],"hasEmbeddedWebExtension":false,"mpcOptedOut":false,"userPermissions":null,"icons":{},"iconURL":null,"icon64URL":null,"blocklistState":0,"blocklistURL":null}
1512022514264	DeferredSave.extensions.json	DEBUG	Save changes
1512022514264	addons.manager	DEBUG	Registering startup change 'installed' for e10srollout@mozilla.org
1512022514265	addons.xpi	DEBUG	Loading bootstrap scope from D:\Program Files\Mozilla Firefox\browser\features\e10srollout@mozilla.org.xpi
1512022514270	addons.xpi	DEBUG	Calling bootstrap method install on e10srollout@mozilla.org version 3.05
1512022514271	addons.xpi-utils	DEBUG	Make addon app-system-defaults:e10srollout@mozilla.org visible
1512022514271	addons.xpi	DEBUG	Updating XPIState for {"id":"e10srollout@mozilla.org","syncGUID":"{4b732732-613a-4adc-a906-004037126c7a}","location":"app-system-defaults","version":"3.05","type":"extension","internalName":null,"updateURL":null,"updateKey":null,"optionsURL":null,"optionsType":null,"aboutURL":null,"defaultLocale":{"name":"Multi-process staged rollout","description":"Staged rollout of Firefox multi-process feature.","creator":null,"homepageURL":null},"visible":true,"active":false,"userDisabled":false,"appDisabled":false,"installDate":1511767673397,"updateDate":1511767673397,"applyBackgroundUpdates":1,"bootstrap":true,"path":"D:\\Program Files\\Mozilla Firefox\\browser\\features\\e10srollout@mozilla.org.xpi","skinnable":false,"size":13477,"sourceURI":null,"releaseNotesURI":null,"softDisabled":false,"foreignInstall":false,"hasBinaryComponents":false,"strictCompatibility":false,"locales":[],"targetApplications":[{"id":"{ec8030f7-c20a-464f-9b0e-13a3a9e97384}","minVersion":"57.0","maxVersion":"57.*"}],"targetPlatforms":[],"multiprocessCompatible":true,"seen":true,"dependencies":[],"hasEmbeddedWebExtension":false,"mpcOptedOut":false,"userPermissions":null,"icons":{},"iconURL":null,"icon64URL":null,"blocklistState":0,"blocklistURL":null}
1512022514271	DeferredSave.extensions.json	DEBUG	Save changes
1512022514271	addons.manager	DEBUG	Registering startup change 'installed' for firefox@getpocket.com
1512022514272	addons.xpi	DEBUG	Loading bootstrap scope from D:\Program Files\Mozilla Firefox\browser\features\firefox@getpocket.com.xpi
1512022514275	addons.xpi	DEBUG	Calling bootstrap method install on firefox@getpocket.com version 1.0.5
1512022514276	addons.xpi-utils	DEBUG	Make addon app-system-defaults:firefox@getpocket.com visible
1512022514276	addons.xpi	DEBUG	Updating XPIState for {"id":"firefox@getpocket.com","syncGUID":"{843674e0-50bd-441f-a85b-0478951daaa5}","location":"app-system-defaults","version":"1.0.5","type":"extension","internalName":null,"updateURL":null,"updateKey":null,"optionsURL":null,"optionsType":null,"aboutURL":null,"defaultLocale":{"name":"Pocket","description":"When you find something you want to view later, put it in Pocket.","creator":null,"homepageURL":null},"visible":true,"active":false,"userDisabled":false,"appDisabled":false,"installDate":1511767673389,"updateDate":1511767673389,"applyBackgroundUpdates":1,"bootstrap":true,"path":"D:\\Program Files\\Mozilla Firefox\\browser\\features\\firefox@getpocket.com.xpi","skinnable":false,"size":914876,"sourceURI":null,"releaseNotesURI":null,"softDisabled":false,"foreignInstall":false,"hasBinaryComponents":false,"strictCompatibility":false,"locales":[],"targetApplications":[{"id":"{ec8030f7-c20a-464f-9b0e-13a3a9e97384}","minVersion":"57.0","maxVersion":"57.*"}],"targetPlatforms":[],"multiprocessCompatible":true,"seen":true,"dependencies":[],"hasEmbeddedWebExtension":false,"mpcOptedOut":false,"userPermissions":null,"icons":{},"iconURL":null,"icon64URL":null,"blocklistState":0,"blocklistURL":null}
1512022514276	DeferredSave.extensions.json	DEBUG	Save changes
1512022514276	addons.manager	DEBUG	Registering startup change 'installed' for followonsearch@mozilla.com
1512022514276	addons.xpi	DEBUG	Loading bootstrap scope from D:\Program Files\Mozilla Firefox\browser\features\followonsearch@mozilla.com.xpi
1512022514277	addons.xpi	DEBUG	Calling bootstrap method install on followonsearch@mozilla.com version 0.9.6
1512022514278	addons.xpi-utils	DEBUG	Make addon app-system-defaults:followonsearch@mozilla.com visible
1512022514278	addons.xpi	DEBUG	Updating XPIState for {"id":"followonsearch@mozilla.com","syncGUID":"{79792b17-0d4b-47ca-8244-2c2563f1b558}","location":"app-system-defaults","version":"0.9.6","type":"extension","internalName":null,"updateURL":null,"updateKey":null,"optionsURL":null,"optionsType":null,"aboutURL":null,"defaultLocale":{"name":"Follow-on Search Telemetry","description":null,"creator":null,"homepageURL":null},"visible":true,"active":false,"userDisabled":false,"appDisabled":false,"installDate":1511767673297,"updateDate":1511767673297,"applyBackgroundUpdates":1,"bootstrap":true,"path":"D:\\Program Files\\Mozilla Firefox\\browser\\features\\followonsearch@mozilla.com.xpi","skinnable":false,"size":18625,"sourceURI":null,"releaseNotesURI":null,"softDisabled":false,"foreignInstall":false,"hasBinaryComponents":false,"strictCompatibility":false,"locales":[],"targetApplications":[{"id":"{ec8030f7-c20a-464f-9b0e-13a3a9e97384}","minVersion":"52.0","maxVersion":"59.*"}],"targetPlatforms":[],"multiprocessCompatible":true,"seen":true,"dependencies":[],"hasEmbeddedWebExtension":false,"mpcOptedOut":false,"userPermissions":null,"icons":{},"iconURL":null,"icon64URL":null,"blocklistState":0,"blocklistURL":null}
1512022514278	DeferredSave.extensions.json	DEBUG	Save changes
1512022514278	addons.manager	DEBUG	Registering startup change 'installed' for formautofill@mozilla.org
1512022514278	addons.xpi	DEBUG	Loading bootstrap scope from D:\Program Files\Mozilla Firefox\browser\features\formautofill@mozilla.org.xpi
1512022514279	addons.xpi	DEBUG	Calling bootstrap method install on formautofill@mozilla.org version 1.0
1512022514279	addons.xpi-utils	DEBUG	Make addon app-system-defaults:formautofill@mozilla.org visible
1512022514280	addons.xpi	DEBUG	Updating XPIState for {"id":"formautofill@mozilla.org","syncGUID":"{0ce08b03-13d7-478f-8790-2e54311ba77d}","location":"app-system-defaults","version":"1.0","type":"extension","internalName":null,"updateURL":null,"updateKey":null,"optionsURL":null,"optionsType":null,"aboutURL":null,"defaultLocale":{"name":"Form Autofill","description":"Autofill forms with saved profiles","creator":null,"homepageURL":null},"visible":true,"active":false,"userDisabled":false,"appDisabled":false,"installDate":1511767673289,"updateDate":1511767673289,"applyBackgroundUpdates":1,"bootstrap":true,"path":"D:\\Program Files\\Mozilla Firefox\\browser\\features\\formautofill@mozilla.org.xpi","skinnable":false,"size":380179,"sourceURI":null,"releaseNotesURI":null,"softDisabled":false,"foreignInstall":false,"hasBinaryComponents":false,"strictCompatibility":false,"locales":[],"targetApplications":[{"id":"{ec8030f7-c20a-464f-9b0e-13a3a9e97384}","minVersion":"57.0","maxVersion":"57.*"}],"targetPlatforms":[],"multiprocessCompatible":true,"seen":true,"dependencies":[],"hasEmbeddedWebExtension":false,"mpcOptedOut":false,"userPermissions":null,"icons":{},"iconURL":null,"icon64URL":null,"blocklistState":0,"blocklistURL":null}
1512022514280	DeferredSave.extensions.json	DEBUG	Save changes
1512022514280	addons.manager	DEBUG	Registering startup change 'installed' for onboarding@mozilla.org
1512022514280	addons.xpi	DEBUG	Loading bootstrap scope from D:\Program Files\Mozilla Firefox\browser\features\onboarding@mozilla.org.xpi
1512022514282	addons.xpi	DEBUG	Calling bootstrap method install on onboarding@mozilla.org version 1.0
1512022514282	addons.xpi-utils	DEBUG	Make addon app-system-defaults:onboarding@mozilla.org visible
1512022514282	addons.xpi	DEBUG	Updating XPIState for {"id":"onboarding@mozilla.org","syncGUID":"{6128a296-2480-4af9-8f5a-6b6b4d837e1e}","location":"app-system-defaults","version":"1.0","type":"extension","internalName":null,"updateURL":null,"updateKey":null,"optionsURL":null,"optionsType":null,"aboutURL":null,"defaultLocale":{"name":"Photon onboarding","description":"Photon onboarding","creator":null,"homepageURL":null},"visible":true,"active":false,"userDisabled":false,"appDisabled":false,"installDate":1511767673222,"updateDate":1511767673222,"applyBackgroundUpdates":1,"bootstrap":true,"path":"D:\\Program Files\\Mozilla Firefox\\browser\\features\\onboarding@mozilla.org.xpi","skinnable":false,"size":550058,"sourceURI":null,"releaseNotesURI":null,"softDisabled":false,"foreignInstall":false,"hasBinaryComponents":false,"strictCompatibility":false,"locales":[],"targetApplications":[{"id":"{ec8030f7-c20a-464f-9b0e-13a3a9e97384}","minVersion":"57.0","maxVersion":"57.*"}],"targetPlatforms":[],"multiprocessCompatible":true,"seen":true,"dependencies":[],"hasEmbeddedWebExtension":false,"mpcOptedOut":false,"userPermissions":null,"icons":{},"iconURL":null,"icon64URL":null,"blocklistState":0,"blocklistURL":null}
1512022514283	DeferredSave.extensions.json	DEBUG	Save changes
1512022514283	addons.manager	DEBUG	Registering startup change 'installed' for screenshots@mozilla.org
1512022514283	addons.xpi	DEBUG	Loading bootstrap scope from D:\Program Files\Mozilla Firefox\browser\features\screenshots@mozilla.org.xpi
1512022514286	addons.xpi	DEBUG	Calling bootstrap method install on screenshots@mozilla.org version 19.2.0
1512022514286	addons.xpi-utils	DEBUG	Make addon app-system-defaults:screenshots@mozilla.org visible
1512022514286	addons.xpi	DEBUG	Updating XPIState for {"id":"screenshots@mozilla.org","syncGUID":"{8990b94d-4291-4f5a-a9b5-60c69712bc5f}","location":"app-system-defaults","version":"19.2.0","type":"extension","internalName":null,"updateURL":null,"updateKey":null,"optionsURL":null,"optionsType":null,"aboutURL":null,"defaultLocale":{"name":"Firefox Screenshots","description":null,"creator":null,"homepageURL":"https://screenshots.firefox.com/"},"visible":true,"active":false,"userDisabled":false,"appDisabled":false,"installDate":1511767673139,"updateDate":1511767673139,"applyBackgroundUpdates":1,"bootstrap":true,"path":"D:\\Program Files\\Mozilla Firefox\\browser\\features\\screenshots@mozilla.org.xpi","skinnable":false,"size":884473,"sourceURI":null,"releaseNotesURI":null,"softDisabled":false,"foreignInstall":false,"hasBinaryComponents":false,"strictCompatibility":false,"locales":[],"targetApplications":[{"id":"{ec8030f7-c20a-464f-9b0e-13a3a9e97384}","minVersion":"57.0a1","maxVersion":"*"}],"targetPlatforms":[],"multiprocessCompatible":true,"seen":true,"dependencies":[],"hasEmbeddedWebExtension":false,"mpcOptedOut":false,"userPermissions":null,"icons":{},"iconURL":null,"icon64URL":null,"blocklistState":0,"blocklistURL":null}
1512022514287	DeferredSave.extensions.json	DEBUG	Save changes
1512022514287	addons.manager	DEBUG	Registering startup change 'installed' for shield-recipe-client@mozilla.org
1512022514287	addons.xpi	DEBUG	Loading bootstrap scope from D:\Program Files\Mozilla Firefox\browser\features\shield-recipe-client@mozilla.org.xpi
1512022514288	addons.xpi	DEBUG	Calling bootstrap method install on shield-recipe-client@mozilla.org version 76.1
1512022514289	addons.xpi-utils	DEBUG	Make addon app-system-defaults:shield-recipe-client@mozilla.org visible
1512022514289	addons.xpi	DEBUG	Updating XPIState for {"id":"shield-recipe-client@mozilla.org","syncGUID":"{456439f1-f244-4047-8d66-0a3b13672fdd}","location":"app-system-defaults","version":"76.1","type":"extension","internalName":null,"updateURL":null,"updateKey":null,"optionsURL":null,"optionsType":null,"aboutURL":null,"defaultLocale":{"name":"Shield Recipe Client","description":"Client to download and run recipes for SHIELD, Heartbeat, etc.","creator":null,"homepageURL":null},"visible":true,"active":false,"userDisabled":false,"appDisabled":false,"installDate":1511767673064,"updateDate":1511767673064,"applyBackgroundUpdates":1,"bootstrap":true,"path":"D:\\Program Files\\Mozilla Firefox\\browser\\features\\shield-recipe-client@mozilla.org.xpi","skinnable":false,"size":364000,"sourceURI":null,"releaseNotesURI":null,"softDisabled":false,"foreignInstall":false,"hasBinaryComponents":false,"strictCompatibility":false,"locales":[],"targetApplications":[{"id":"{ec8030f7-c20a-464f-9b0e-13a3a9e97384}","minVersion":"57.0","maxVersion":"57.*"}],"targetPlatforms":[],"multiprocessCompatible":true,"seen":true,"dependencies":[],"hasEmbeddedWebExtension":false,"mpcOptedOut":false,"userPermissions":null,"icons":{},"iconURL":null,"icon64URL":null,"blocklistState":0,"blocklistURL":null}
1512022514289	DeferredSave.extensions.json	DEBUG	Save changes
1512022514289	addons.manager	DEBUG	Registering startup change 'installed' for webcompat@mozilla.org
1512022514289	addons.xpi	DEBUG	Loading bootstrap scope from D:\Program Files\Mozilla Firefox\browser\features\webcompat@mozilla.org.xpi
1512022514290	addons.xpi	DEBUG	Calling bootstrap method install on webcompat@mozilla.org version 1.1
1512022514290	addons.xpi-utils	DEBUG	Make addon app-system-defaults:webcompat@mozilla.org visible
1512022514291	addons.xpi	DEBUG	Updating XPIState for {"id":"webcompat@mozilla.org","syncGUID":"{8f3880f1-2ff7-4f0c-bed1-ee75e38fafec}","location":"app-system-defaults","version":"1.1","type":"extension","internalName":null,"updateURL":null,"updateKey":null,"optionsURL":null,"optionsType":null,"aboutURL":null,"defaultLocale":{"name":"Web Compat","description":"Urgent post-release fixes for web compatibility.","creator":null,"homepageURL":null},"visible":true,"active":false,"userDisabled":false,"appDisabled":false,"installDate":1511767672999,"updateDate":1511767672999,"applyBackgroundUpdates":1,"bootstrap":true,"path":"D:\\Program Files\\Mozilla Firefox\\browser\\features\\webcompat@mozilla.org.xpi","skinnable":false,"size":9266,"sourceURI":null,"releaseNotesURI":null,"softDisabled":false,"foreignInstall":false,"hasBinaryComponents":false,"strictCompatibility":false,"locales":[],"targetApplications":[{"id":"{ec8030f7-c20a-464f-9b0e-13a3a9e97384}","minVersion":"57.0","maxVersion":"57.*"}],"targetPlatforms":[],"multiprocessCompatible":true,"seen":true,"dependencies":[],"hasEmbeddedWebExtension":false,"mpcOptedOut":false,"userPermissions":null,"icons":{},"iconURL":null,"icon64URL":null,"blocklistState":0,"blocklistURL":null}
1512022514291	DeferredSave.extensions.json	DEBUG	Save changes
1512022514291	addons.xpi-utils	DEBUG	Make addon app-global:{972ce4c6-7e08-4474-a285-3208198ce6fd} visible
1512022514292	addons.xpi	DEBUG	Updating XPIState for {"id":"{972ce4c6-7e08-4474-a285-3208198ce6fd}","syncGUID":"{b76c1bb2-7353-4a50-b53c-02272a9dbf7e}","location":"app-global","version":"57.0","type":"theme","internalName":"classic/1.0","updateURL":null,"updateKey":null,"optionsURL":null,"optionsType":null,"optionsBrowserStyle":null,"aboutURL":null,"defaultLocale":{"name":"Default","description":"The default theme.","creator":"Mozilla","homepageURL":null,"contributors":["Mozilla Contributors"]},"visible":true,"active":false,"userDisabled":false,"appDisabled":false,"installDate":1511767673486,"updateDate":1511767673486,"applyBackgroundUpdates":1,"path":"D:\\Program Files\\Mozilla Firefox\\browser\\extensions\\{972ce4c6-7e08-4474-a285-3208198ce6fd}.xpi","skinnable":true,"size":3348,"sourceURI":null,"releaseNotesURI":null,"softDisabled":false,"foreignInstall":false,"hasBinaryComponents":false,"strictCompatibility":true,"locales":[],"targetApplications":[{"id":"{ec8030f7-c20a-464f-9b0e-13a3a9e97384}","minVersion":"57.0","maxVersion":"57.0"}],"targetPlatforms":[],"seen":true,"dependencies":[],"hasEmbeddedWebExtension":false,"userPermissions":null,"icons":{},"iconURL":"chrome://browser/content/default-theme-icon.svg","icon64URL":null,"blocklistState":0,"blocklistURL":null}
1512022514292	DeferredSave.extensions.json	DEBUG	Save changes
1512022514292	addons.xpi	DEBUG	Updating XPIState for {"id":"{b749fc7c-e949-447f-926c-3f4eed6accfe}","syncGUID":"{aea1075c-f06d-4073-81ff-0bb67720b7f3}","location":"app-profile","version":"0.7.1.1","type":"extension","internalName":null,"updateURL":null,"updateKey":null,"optionsURL":"chrome://modifyheaders/content/preferences.xul","optionsType":null,"aboutURL":null,"defaultLocale":{"name":"Modify Headers","description":"Add, modify and filter HTTP request headers","creator":"Gareth Hunt","homepageURL":"http://www.garethhunt.com/modifyheaders/"},"visible":true,"active":false,"userDisabled":false,"appDisabled":true,"installDate":1512022512970,"updateDate":1512022512970,"applyBackgroundUpdates":1,"bootstrap":false,"path":"C:\\Users\\HASEE\\AppData\\Local\\Temp\\rust_mozprofile.GlJGIQmf4Np0\\extensions\\{b749fc7c-e949-447f-926c-3f4eed6accfe}","skinnable":false,"size":127965,"sourceURI":null,"releaseNotesURI":null,"softDisabled":false,"foreignInstall":true,"hasBinaryComponents":false,"strictCompatibility":false,"locales":[],"targetApplications":[{"id":"{ec8030f7-c20a-464f-9b0e-13a3a9e97384}","minVersion":"4.0","maxVersion":"9.*"}],"targetPlatforms":[],"multiprocessCompatible":false,"signedState":0,"seen":true,"dependencies":[],"hasEmbeddedWebExtension":false,"mpcOptedOut":false,"userPermissions":null,"icons":{},"iconURL":"chrome://modifyheaders/content/icons/ModifyHeaders-48.png","icon64URL":null,"blocklistState":0,"blocklistURL":null}
1512022514292	addons.xpi	DEBUG	Updating XPIState for {"id":"activity-stream@mozilla.org","syncGUID":"{8bae16c4-8b73-4be4-8750-c3bf8ff3ecd3}","location":"app-system-defaults","version":"2017.11.07.1100-7f4e3634","type":"extension","internalName":null,"updateURL":null,"updateKey":null,"optionsURL":null,"optionsType":null,"aboutURL":null,"defaultLocale":{"name":"Activity Stream","description":"A rich visual history feed and a reimagined home page make it easier than ever to find exactly what you're looking for in Firefox.","creator":null,"homepageURL":null},"visible":true,"active":true,"userDisabled":false,"appDisabled":false,"installDate":1511767673480,"updateDate":1511767673480,"applyBackgroundUpdates":1,"bootstrap":true,"path":"D:\\Program Files\\Mozilla Firefox\\browser\\features\\activity-stream@mozilla.org.xpi","skinnable":false,"size":1423180,"sourceURI":null,"releaseNotesURI":null,"softDisabled":false,"foreignInstall":false,"hasBinaryComponents":false,"strictCompatibility":false,"locales":[],"targetApplications":[{"id":"{ec8030f7-c20a-464f-9b0e-13a3a9e97384}","minVersion":"57.0","maxVersion":"57.*"}],"targetPlatforms":[],"multiprocessCompatible":true,"seen":true,"dependencies":[],"hasEmbeddedWebExtension":false,"mpcOptedOut":false,"userPermissions":null,"icons":{},"iconURL":null,"icon64URL":null,"blocklistState":0,"blocklistURL":null}
1512022514292	addons.xpi	DEBUG	Updating XPIState for {"id":"aushelper@mozilla.org","syncGUID":"{1cd1d26b-570b-4021-8cff-f5d08be50d2b}","location":"app-system-defaults","version":"2.0","type":"extension","internalName":null,"updateURL":null,"updateKey":null,"optionsURL":null,"optionsType":null,"aboutURL":null,"defaultLocale":{"name":"Application Update Service Helper","description":"Sets value(s) in the update url based on custom checks.","creator":null,"homepageURL":null},"visible":true,"active":true,"userDisabled":false,"appDisabled":false,"installDate":1511767673402,"updateDate":1511767673402,"applyBackgroundUpdates":1,"bootstrap":true,"path":"D:\\Program Files\\Mozilla Firefox\\browser\\features\\aushelper@mozilla.org.xpi","skinnable":false,"size":8486,"sourceURI":null,"releaseNotesURI":null,"softDisabled":false,"foreignInstall":false,"hasBinaryComponents":false,"strictCompatibility":false,"locales":[],"targetApplications":[{"id":"{ec8030f7-c20a-464f-9b0e-13a3a9e97384}","minVersion":"57.0","maxVersion":"57.*"}],"targetPlatforms":[],"multiprocessCompatible":true,"seen":true,"dependencies":[],"hasEmbeddedWebExtension":false,"mpcOptedOut":false,"userPermissions":null,"icons":{},"iconURL":null,"icon64URL":null,"blocklistState":0,"blocklistURL":null}
1512022514292	addons.xpi	DEBUG	Updating XPIState for {"id":"e10srollout@mozilla.org","syncGUID":"{4b732732-613a-4adc-a906-004037126c7a}","location":"app-system-defaults","version":"3.05","type":"extension","internalName":null,"updateURL":null,"updateKey":null,"optionsURL":null,"optionsType":null,"aboutURL":null,"defaultLocale":{"name":"Multi-process staged rollout","description":"Staged rollout of Firefox multi-process feature.","creator":null,"homepageURL":null},"visible":true,"active":true,"userDisabled":false,"appDisabled":false,"installDate":1511767673397,"updateDate":1511767673397,"applyBackgroundUpdates":1,"bootstrap":true,"path":"D:\\Program Files\\Mozilla Firefox\\browser\\features\\e10srollout@mozilla.org.xpi","skinnable":false,"size":13477,"sourceURI":null,"releaseNotesURI":null,"softDisabled":false,"foreignInstall":false,"hasBinaryComponents":false,"strictCompatibility":false,"locales":[],"targetApplications":[{"id":"{ec8030f7-c20a-464f-9b0e-13a3a9e97384}","minVersion":"57.0","maxVersion":"57.*"}],"targetPlatforms":[],"multiprocessCompatible":true,"seen":true,"dependencies":[],"hasEmbeddedWebExtension":false,"mpcOptedOut":false,"userPermissions":null,"icons":{},"iconURL":null,"icon64URL":null,"blocklistState":0,"blocklistURL":null}
1512022514292	addons.xpi	DEBUG	Updating XPIState for {"id":"firefox@getpocket.com","syncGUID":"{843674e0-50bd-441f-a85b-0478951daaa5}","location":"app-system-defaults","version":"1.0.5","type":"extension","internalName":null,"updateURL":null,"updateKey":null,"optionsURL":null,"optionsType":null,"aboutURL":null,"defaultLocale":{"name":"Pocket","description":"When you find something you want to view later, put it in Pocket.","creator":null,"homepageURL":null},"visible":true,"active":true,"userDisabled":false,"appDisabled":false,"installDate":1511767673389,"updateDate":1511767673389,"applyBackgroundUpdates":1,"bootstrap":true,"path":"D:\\Program Files\\Mozilla Firefox\\browser\\features\\firefox@getpocket.com.xpi","skinnable":false,"size":914876,"sourceURI":null,"releaseNotesURI":null,"softDisabled":false,"foreignInstall":false,"hasBinaryComponents":false,"strictCompatibility":false,"locales":[],"targetApplications":[{"id":"{ec8030f7-c20a-464f-9b0e-13a3a9e97384}","minVersion":"57.0","maxVersion":"57.*"}],"targetPlatforms":[],"multiprocessCompatible":true,"seen":true,"dependencies":[],"hasEmbeddedWebExtension":false,"mpcOptedOut":false,"userPermissions":null,"icons":{},"iconURL":null,"icon64URL":null,"blocklistState":0,"blocklistURL":null}
1512022514292	addons.xpi	DEBUG	Updating XPIState for {"id":"followonsearch@mozilla.com","syncGUID":"{79792b17-0d4b-47ca-8244-2c2563f1b558}","location":"app-system-defaults","version":"0.9.6","type":"extension","internalName":null,"updateURL":null,"updateKey":null,"optionsURL":null,"optionsType":null,"aboutURL":null,"defaultLocale":{"name":"Follow-on Search Telemetry","description":null,"creator":null,"homepageURL":null},"visible":true,"active":true,"userDisabled":false,"appDisabled":false,"installDate":1511767673297,"updateDate":1511767673297,"applyBackgroundUpdates":1,"bootstrap":true,"path":"D:\\Program Files\\Mozilla Firefox\\browser\\features\\followonsearch@mozilla.com.xpi","skinnable":false,"size":18625,"sourceURI":null,"releaseNotesURI":null,"softDisabled":false,"foreignInstall":false,"hasBinaryComponents":false,"strictCompatibility":false,"locales":[],"targetApplications":[{"id":"{ec8030f7-c20a-464f-9b0e-13a3a9e97384}","minVersion":"52.0","maxVersion":"59.*"}],"targetPlatforms":[],"multiprocessCompatible":true,"seen":true,"dependencies":[],"hasEmbeddedWebExtension":false,"mpcOptedOut":false,"userPermissions":null,"icons":{},"iconURL":null,"icon64URL":null,"blocklistState":0,"blocklistURL":null}
1512022514293	addons.xpi	DEBUG	Updating XPIState for {"id":"formautofill@mozilla.org","syncGUID":"{0ce08b03-13d7-478f-8790-2e54311ba77d}","location":"app-system-defaults","version":"1.0","type":"extension","internalName":null,"updateURL":null,"updateKey":null,"optionsURL":null,"optionsType":null,"aboutURL":null,"defaultLocale":{"name":"Form Autofill","description":"Autofill forms with saved profiles","creator":null,"homepageURL":null},"visible":true,"active":true,"userDisabled":false,"appDisabled":false,"installDate":1511767673289,"updateDate":1511767673289,"applyBackgroundUpdates":1,"bootstrap":true,"path":"D:\\Program Files\\Mozilla Firefox\\browser\\features\\formautofill@mozilla.org.xpi","skinnable":false,"size":380179,"sourceURI":null,"releaseNotesURI":null,"softDisabled":false,"foreignInstall":false,"hasBinaryComponents":false,"strictCompatibility":false,"locales":[],"targetApplications":[{"id":"{ec8030f7-c20a-464f-9b0e-13a3a9e97384}","minVersion":"57.0","maxVersion":"57.*"}],"targetPlatforms":[],"multiprocessCompatible":true,"seen":true,"dependencies":[],"hasEmbeddedWebExtension":false,"mpcOptedOut":false,"userPermissions":null,"icons":{},"iconURL":null,"icon64URL":null,"blocklistState":0,"blocklistURL":null}
1512022514293	addons.xpi	DEBUG	Updating XPIState for {"id":"onboarding@mozilla.org","syncGUID":"{6128a296-2480-4af9-8f5a-6b6b4d837e1e}","location":"app-system-defaults","version":"1.0","type":"extension","internalName":null,"updateURL":null,"updateKey":null,"optionsURL":null,"optionsType":null,"aboutURL":null,"defaultLocale":{"name":"Photon onboarding","description":"Photon onboarding","creator":null,"homepageURL":null},"visible":true,"active":true,"userDisabled":false,"appDisabled":false,"installDate":1511767673222,"updateDate":1511767673222,"applyBackgroundUpdates":1,"bootstrap":true,"path":"D:\\Program Files\\Mozilla Firefox\\browser\\features\\onboarding@mozilla.org.xpi","skinnable":false,"size":550058,"sourceURI":null,"releaseNotesURI":null,"softDisabled":false,"foreignInstall":false,"hasBinaryComponents":false,"strictCompatibility":false,"locales":[],"targetApplications":[{"id":"{ec8030f7-c20a-464f-9b0e-13a3a9e97384}","minVersion":"57.0","maxVersion":"57.*"}],"targetPlatforms":[],"multiprocessCompatible":true,"seen":true,"dependencies":[],"hasEmbeddedWebExtension":false,"mpcOptedOut":false,"userPermissions":null,"icons":{},"iconURL":null,"icon64URL":null,"blocklistState":0,"blocklistURL":null}
1512022514293	addons.xpi	DEBUG	Updating XPIState for {"id":"screenshots@mozilla.org","syncGUID":"{8990b94d-4291-4f5a-a9b5-60c69712bc5f}","location":"app-system-defaults","version":"19.2.0","type":"extension","internalName":null,"updateURL":null,"updateKey":null,"optionsURL":null,"optionsType":null,"aboutURL":null,"defaultLocale":{"name":"Firefox Screenshots","description":null,"creator":null,"homepageURL":"https://screenshots.firefox.com/"},"visible":true,"active":true,"userDisabled":false,"appDisabled":false,"installDate":1511767673139,"updateDate":1511767673139,"applyBackgroundUpdates":1,"bootstrap":true,"path":"D:\\Program Files\\Mozilla Firefox\\browser\\features\\screenshots@mozilla.org.xpi","skinnable":false,"size":884473,"sourceURI":null,"releaseNotesURI":null,"softDisabled":false,"foreignInstall":false,"hasBinaryComponents":false,"strictCompatibility":false,"locales":[],"targetApplications":[{"id":"{ec8030f7-c20a-464f-9b0e-13a3a9e97384}","minVersion":"57.0a1","maxVersion":"*"}],"targetPlatforms":[],"multiprocessCompatible":true,"seen":true,"dependencies":[],"hasEmbeddedWebExtension":false,"mpcOptedOut":false,"userPermissions":null,"icons":{},"iconURL":null,"icon64URL":null,"blocklistState":0,"blocklistURL":null}
1512022514293	addons.xpi	DEBUG	Updating XPIState for {"id":"shield-recipe-client@mozilla.org","syncGUID":"{456439f1-f244-4047-8d66-0a3b13672fdd}","location":"app-system-defaults","version":"76.1","type":"extension","internalName":null,"updateURL":null,"updateKey":null,"optionsURL":null,"optionsType":null,"aboutURL":null,"defaultLocale":{"name":"Shield Recipe Client","description":"Client to download and run recipes for SHIELD, Heartbeat, etc.","creator":null,"homepageURL":null},"visible":true,"active":true,"userDisabled":false,"appDisabled":false,"installDate":1511767673064,"updateDate":1511767673064,"applyBackgroundUpdates":1,"bootstrap":true,"path":"D:\\Program Files\\Mozilla Firefox\\browser\\features\\shield-recipe-client@mozilla.org.xpi","skinnable":false,"size":364000,"sourceURI":null,"releaseNotesURI":null,"softDisabled":false,"foreignInstall":false,"hasBinaryComponents":false,"strictCompatibility":false,"locales":[],"targetApplications":[{"id":"{ec8030f7-c20a-464f-9b0e-13a3a9e97384}","minVersion":"57.0","maxVersion":"57.*"}],"targetPlatforms":[],"multiprocessCompatible":true,"seen":true,"dependencies":[],"hasEmbeddedWebExtension":false,"mpcOptedOut":false,"userPermissions":null,"icons":{},"iconURL":null,"icon64URL":null,"blocklistState":0,"blocklistURL":null}
1512022514293	addons.xpi	DEBUG	Updating XPIState for {"id":"webcompat@mozilla.org","syncGUID":"{8f3880f1-2ff7-4f0c-bed1-ee75e38fafec}","location":"app-system-defaults","version":"1.1","type":"extension","internalName":null,"updateURL":null,"updateKey":null,"optionsURL":null,"optionsType":null,"aboutURL":null,"defaultLocale":{"name":"Web Compat","description":"Urgent post-release fixes for web compatibility.","creator":null,"homepageURL":null},"visible":true,"active":true,"userDisabled":false,"appDisabled":false,"installDate":1511767672999,"updateDate":1511767672999,"applyBackgroundUpdates":1,"bootstrap":true,"path":"D:\\Program Files\\Mozilla Firefox\\browser\\features\\webcompat@mozilla.org.xpi","skinnable":false,"size":9266,"sourceURI":null,"releaseNotesURI":null,"softDisabled":false,"foreignInstall":false,"hasBinaryComponents":false,"strictCompatibility":false,"locales":[],"targetApplications":[{"id":"{ec8030f7-c20a-464f-9b0e-13a3a9e97384}","minVersion":"57.0","maxVersion":"57.*"}],"targetPlatforms":[],"multiprocessCompatible":true,"seen":true,"dependencies":[],"hasEmbeddedWebExtension":false,"mpcOptedOut":false,"userPermissions":null,"icons":{},"iconURL":null,"icon64URL":null,"blocklistState":0,"blocklistURL":null}
1512022514293	addons.xpi	DEBUG	Updating XPIState for {"id":"{972ce4c6-7e08-4474-a285-3208198ce6fd}","syncGUID":"{b76c1bb2-7353-4a50-b53c-02272a9dbf7e}","location":"app-global","version":"57.0","type":"theme","internalName":"classic/1.0","updateURL":null,"updateKey":null,"optionsURL":null,"optionsType":null,"optionsBrowserStyle":null,"aboutURL":null,"defaultLocale":{"name":"Default","description":"The default theme.","creator":"Mozilla","homepageURL":null,"contributors":["Mozilla Contributors"]},"visible":true,"active":true,"userDisabled":false,"appDisabled":false,"installDate":1511767673486,"updateDate":1511767673486,"applyBackgroundUpdates":1,"path":"D:\\Program Files\\Mozilla Firefox\\browser\\extensions\\{972ce4c6-7e08-4474-a285-3208198ce6fd}.xpi","skinnable":true,"size":3348,"sourceURI":null,"releaseNotesURI":null,"softDisabled":false,"foreignInstall":false,"hasBinaryComponents":false,"strictCompatibility":true,"locales":[],"targetApplications":[{"id":"{ec8030f7-c20a-464f-9b0e-13a3a9e97384}","minVersion":"57.0","maxVersion":"57.0"}],"targetPlatforms":[],"seen":true,"dependencies":[],"hasEmbeddedWebExtension":false,"userPermissions":null,"icons":{},"iconURL":"chrome://browser/content/default-theme-icon.svg","icon64URL":null,"blocklistState":0,"blocklistURL":null}
1512022514294	DeferredSave.extensions.json	DEBUG	Save changes
1512022514294	addons.xpi	DEBUG	Updating database with changes to installed add-ons
1512022514294	addons.xpi-utils	DEBUG	Updating add-on states
1512022514298	addons.xpi	DEBUG	Registering manifest for D:\Program Files\Mozilla Firefox\browser\features\activity-stream@mozilla.org.xpi
1512022514299	addons.xpi	DEBUG	Calling bootstrap method startup on activity-stream@mozilla.org version 2017.11.07.1100-7f4e3634
1512022514299	addons.xpi	DEBUG	Registering manifest for D:\Program Files\Mozilla Firefox\browser\features\aushelper@mozilla.org.xpi
1512022514299	addons.xpi	DEBUG	Calling bootstrap method startup on aushelper@mozilla.org version 2.0
1512022514300	addons.xpi	DEBUG	Registering manifest for D:\Program Files\Mozilla Firefox\browser\features\e10srollout@mozilla.org.xpi
1512022514300	addons.xpi	DEBUG	Calling bootstrap method startup on e10srollout@mozilla.org version 3.05
1512022514301	addons.xpi	DEBUG	Registering manifest for D:\Program Files\Mozilla Firefox\browser\features\firefox@getpocket.com.xpi
1512022514301	addons.xpi	DEBUG	Calling bootstrap method startup on firefox@getpocket.com version 1.0.5
1512022514306	addons.xpi	DEBUG	Registering manifest for D:\Program Files\Mozilla Firefox\browser\features\followonsearch@mozilla.com.xpi
1512022514306	addons.xpi	DEBUG	Calling bootstrap method startup on followonsearch@mozilla.com version 0.9.6
1512022514307	addons.xpi	DEBUG	Registering manifest for D:\Program Files\Mozilla Firefox\browser\features\formautofill@mozilla.org.xpi
1512022514307	addons.xpi	DEBUG	Calling bootstrap method startup on formautofill@mozilla.org version 1.0
1512022514307	addons.xpi	DEBUG	Registering manifest for D:\Program Files\Mozilla Firefox\browser\features\onboarding@mozilla.org.xpi
1512022514307	addons.xpi	DEBUG	Calling bootstrap method startup on onboarding@mozilla.org version 1.0
1512022514308	addons.xpi	DEBUG	Registering manifest for D:\Program Files\Mozilla Firefox\browser\features\screenshots@mozilla.org.xpi
1512022514308	addons.xpi	DEBUG	Calling bootstrap method startup on screenshots@mozilla.org version 19.2.0
1512022514308	addons.xpi	DEBUG	Registering manifest for D:\Program Files\Mozilla Firefox\browser\features\shield-recipe-client@mozilla.org.xpi
1512022514308	addons.xpi	DEBUG	Calling bootstrap method startup on shield-recipe-client@mozilla.org version 76.1
1512022514312	addons.xpi	DEBUG	Registering manifest for D:\Program Files\Mozilla Firefox\browser\features\webcompat@mozilla.org.xpi
1512022514313	addons.xpi	DEBUG	Calling bootstrap method startup on webcompat@mozilla.org version 1.1
1512022514314	addons.manager	DEBUG	Registering shutdown blocker for XPIProvider
1512022514314	addons.manager	DEBUG	Provider finished startup: XPIProvider
1512022514314	addons.manager	DEBUG	Starting provider: LightweightThemeManager
1512022514314	addons.manager	DEBUG	Registering shutdown blocker for LightweightThemeManager
1512022514314	addons.manager	DEBUG	Provider finished startup: LightweightThemeManager
1512022514315	addons.manager	DEBUG	Starting provider: GMPProvider
1512022514321	addons.manager	DEBUG	Registering shutdown blocker for GMPProvider
1512022514321	addons.manager	DEBUG	Provider finished startup: GMPProvider
1512022514321	addons.manager	DEBUG	Starting provider: PluginProvider
1512022514321	addons.manager	DEBUG	Registering shutdown blocker for PluginProvider
1512022514322	addons.manager	DEBUG	Provider finished startup: PluginProvider
1512022514322	addons.manager	DEBUG	Completed startup sequence
1512022514469	Marionette	INFO	Enabled via --marionette
1512022514490	addons.xpi	WARN	Add-on {b749fc7c-e949-447f-926c-3f4eed6accfe} is not correctly signed.
1512022514501	addons.xpi	WARN	Add-on {b749fc7c-e949-447f-926c-3f4eed6accfe} is not correctly signed.
1512022514570	addons.manager	DEBUG	Starting provider: PreviousExperimentProvider
1512022514570	addons.manager	DEBUG	Registering shutdown blocker for PreviousExperimentProvider
1512022514570	addons.manager	DEBUG	Provider finished startup: PreviousExperimentProvider
Unable to read VR Path Registry from C:\Users\HASEE\AppData\Local\openvr\openvrpaths.vrpath
[Child 33104, Chrome_ChildThread] WARNING: pipe error: 109: file z:/build/build/src/ipc/chromium/src/chrome/common/ipc_channel_win.cc, line 346
[Child 33104, Chrome_ChildThread] WARNING: pipe error: 109: file z:/build/build/src/ipc/chromium/src/chrome/common/ipc_channel_win.cc, line 346
1512022515414	DeferredSave.extensions.json	DEBUG	Starting write
1512022515443	DeferredSave.webext.sc.lz4	DEBUG	Save changes
1512022515443	DeferredSave.webext.sc.lz4	DEBUG	Starting timer
1512022515456	DeferredSave.webext.sc.lz4	DEBUG	Save changes
1512022515471	DeferredSave.webext.sc.lz4	DEBUG	Save changes
1512022515471	DeferredSave.webext.sc.lz4	DEBUG	Save changes
1512022515471	DeferredSave.webext.sc.lz4	DEBUG	Save changes
1512022515472	DeferredSave.webext.sc.lz4	DEBUG	Save changes
1512022515473	DeferredSave.webext.sc.lz4	DEBUG	Save changes
1512022515473	DeferredSave.webext.sc.lz4	DEBUG	Save changes
1512022515474	DeferredSave.webext.sc.lz4	DEBUG	Save changes
1512022515475	DeferredSave.webext.sc.lz4	DEBUG	Save changes
1512022515475	DeferredSave.webext.sc.lz4	DEBUG	Save changes
1512022515476	DeferredSave.webext.sc.lz4	DEBUG	Save changes
1512022515476	DeferredSave.webext.sc.lz4	DEBUG	Save changes
1512022515477	DeferredSave.webext.sc.lz4	DEBUG	Save changes
1512022515477	DeferredSave.webext.sc.lz4	DEBUG	Save changes
1512022515477	DeferredSave.webext.sc.lz4	DEBUG	Save changes
1512022515478	DeferredSave.webext.sc.lz4	DEBUG	Save changes
1512022515478	DeferredSave.webext.sc.lz4	DEBUG	Save changes
1512022515479	DeferredSave.webext.sc.lz4	DEBUG	Save changes
1512022515480	DeferredSave.webext.sc.lz4	DEBUG	Save changes
1512022515480	DeferredSave.webext.sc.lz4	DEBUG	Save changes
1512022515480	DeferredSave.webext.sc.lz4	DEBUG	Save changes
1512022515481	DeferredSave.webext.sc.lz4	DEBUG	Save changes
1512022515481	DeferredSave.webext.sc.lz4	DEBUG	Save changes
1512022515483	DeferredSave.webext.sc.lz4	DEBUG	Save changes
1512022515484	DeferredSave.webext.sc.lz4	DEBUG	Save changes
1512022515484	DeferredSave.webext.sc.lz4	DEBUG	Save changes
1512022515485	DeferredSave.webext.sc.lz4	DEBUG	Save changes
1512022515485	DeferredSave.webext.sc.lz4	DEBUG	Save changes
1512022515485	DeferredSave.webext.sc.lz4	DEBUG	Save changes
1512022515485	DeferredSave.webext.sc.lz4	DEBUG	Save changes
1512022515486	DeferredSave.webext.sc.lz4	DEBUG	Save changes
1512022515487	DeferredSave.webext.sc.lz4	DEBUG	Save changes
1512022515488	DeferredSave.webext.sc.lz4	DEBUG	Save changes
1512022515489	DeferredSave.webext.sc.lz4	DEBUG	Save changes
1512022515490	DeferredSave.webext.sc.lz4	DEBUG	Save changes
1512022515491	DeferredSave.webext.sc.lz4	DEBUG	Save changes
1512022515491	DeferredSave.webext.sc.lz4	DEBUG	Save changes
1512022515492	DeferredSave.webext.sc.lz4	DEBUG	Save changes
1512022515493	DeferredSave.webext.sc.lz4	DEBUG	Save changes
1512022515493	DeferredSave.webext.sc.lz4	DEBUG	Save changes
1512022515494	DeferredSave.webext.sc.lz4	DEBUG	Save changes
1512022515494	DeferredSave.webext.sc.lz4	DEBUG	Save changes
1512022515495	DeferredSave.webext.sc.lz4	DEBUG	Save changes
1512022515496	DeferredSave.webext.sc.lz4	DEBUG	Save changes
1512022515497	DeferredSave.webext.sc.lz4	DEBUG	Save changes
1512022515498	DeferredSave.webext.sc.lz4	DEBUG	Save changes
1512022515498	DeferredSave.webext.sc.lz4	DEBUG	Save changes
1512022515499	DeferredSave.webext.sc.lz4	DEBUG	Save changes
1512022515501	DeferredSave.webext.sc.lz4	DEBUG	Save changes
1512022515501	DeferredSave.webext.sc.lz4	DEBUG	Save changes
1512022515502	DeferredSave.webext.sc.lz4	DEBUG	Save changes
1512022515505	DeferredSave.webext.sc.lz4	DEBUG	Save changes
1512022515506	DeferredSave.webext.sc.lz4	DEBUG	Save changes
1512022515528	DeferredSave.extensions.json	DEBUG	Write succeeded
1512022515528	addons.xpi-utils	DEBUG	XPI Database saved, setting schema version preference to 23
1512022515532	DeferredSave.webext.sc.lz4	DEBUG	Save changes
1512022515533	DeferredSave.webext.sc.lz4	DEBUG	Save changes
1512022515682	addons.xpi	INFO	Mapping {b749fc7c-e949-447f-926c-3f4eed6accfe} to C:\Users\HASEE\AppData\Local\Temp\rust_mozprofile.GlJGIQmf4Np0\extensions\{b749fc7c-e949-447f-926c-3f4eed6accfe}
1512022515683	addons.xpi	DEBUG	Existing add-on {b749fc7c-e949-447f-926c-3f4eed6accfe} in app-profile
1512022515683	addons.xpi	INFO	Mapping activity-stream@mozilla.org to D:\Program Files\Mozilla Firefox\browser\features\activity-stream@mozilla.org.xpi
1512022515683	addons.xpi	INFO	Mapping aushelper@mozilla.org to D:\Program Files\Mozilla Firefox\browser\features\aushelper@mozilla.org.xpi
1512022515683	addons.xpi	INFO	Mapping e10srollout@mozilla.org to D:\Program Files\Mozilla Firefox\browser\features\e10srollout@mozilla.org.xpi
1512022515683	addons.xpi	INFO	Mapping firefox@getpocket.com to D:\Program Files\Mozilla Firefox\browser\features\firefox@getpocket.com.xpi
1512022515683	addons.xpi	INFO	Mapping followonsearch@mozilla.com to D:\Program Files\Mozilla Firefox\browser\features\followonsearch@mozilla.com.xpi
1512022515684	addons.xpi	INFO	Mapping formautofill@mozilla.org to D:\Program Files\Mozilla Firefox\browser\features\formautofill@mozilla.org.xpi
1512022515684	addons.xpi	INFO	Mapping onboarding@mozilla.org to D:\Program Files\Mozilla Firefox\browser\features\onboarding@mozilla.org.xpi
1512022515684	addons.xpi	INFO	Mapping screenshots@mozilla.org to D:\Program Files\Mozilla Firefox\browser\features\screenshots@mozilla.org.xpi
1512022515684	addons.xpi	INFO	Mapping shield-recipe-client@mozilla.org to D:\Program Files\Mozilla Firefox\browser\features\shield-recipe-client@mozilla.org.xpi
1512022515684	addons.xpi	INFO	Mapping webcompat@mozilla.org to D:\Program Files\Mozilla Firefox\browser\features\webcompat@mozilla.org.xpi
1512022515684	addons.xpi	DEBUG	Existing add-on activity-stream@mozilla.org in app-system-defaults
1512022515684	addons.xpi	DEBUG	Existing add-on aushelper@mozilla.org in app-system-defaults
1512022515685	addons.xpi	DEBUG	Existing add-on e10srollout@mozilla.org in app-system-defaults
1512022515685	addons.xpi	DEBUG	Existing add-on firefox@getpocket.com in app-system-defaults
1512022515685	addons.xpi	DEBUG	Existing add-on followonsearch@mozilla.com in app-system-defaults
1512022515685	addons.xpi	DEBUG	Existing add-on formautofill@mozilla.org in app-system-defaults
1512022515685	addons.xpi	DEBUG	Existing add-on onboarding@mozilla.org in app-system-defaults
1512022515685	addons.xpi	DEBUG	Existing add-on screenshots@mozilla.org in app-system-defaults
1512022515685	addons.xpi	DEBUG	Existing add-on shield-recipe-client@mozilla.org in app-system-defaults
1512022515685	addons.xpi	DEBUG	Existing add-on webcompat@mozilla.org in app-system-defaults
1512022515686	addons.xpi	INFO	Mapping {972ce4c6-7e08-4474-a285-3208198ce6fd} to D:\Program Files\Mozilla Firefox\browser\extensions\{972ce4c6-7e08-4474-a285-3208198ce6fd}.xpi
1512022515686	addons.xpi	DEBUG	Existing add-on {972ce4c6-7e08-4474-a285-3208198ce6fd} in app-global
1512022515686	addons.xpi	DEBUG	getInstallState changed: false, state: {}
1512022515888	Marionette	INFO	Listening on port 58843
1512022516234	Marionette	WARN	TLS certificate errors will be ignored for this session
1512022516282	Marionette	DEBUG	Register listener.js for window 4294967297
1512022516325	Marionette	DEBUG	Received DOM event "beforeunload" for "about:blank"
1512022520446	DeferredSave.webext.sc.lz4	DEBUG	Starting write
1512022520452	DeferredSave.webext.sc.lz4	DEBUG	Write succeeded
1512022537343	Marionette	DEBUG	Received DOM event "beforeunload" for "about:blank"
1512022537344	Marionette	DEBUG	Received DOM event "pagehide" for "about:blank"
1512022537344	Marionette	DEBUG	Received DOM event "unload" for "about:blank"
1512022537408	Marionette	DEBUG	Received DOM event "DOMContentLoaded" for "about:neterror?e=netTimeout&u=http%3A//m.guazi.com/www/buy/%3Fact%3DchangeCity&c=UTF-8&f=regular&d=m.guazi.com%20%E7%9A%84%E6%9C%8D%E5%8A%A1%E5%99%A8%E5%93%8D%E5%BA%94%E6%97%B6%E9%97%B4%E8%BF%87%E9%95%BF%E3%80%82"
1512022546970	addons.xpi	DEBUG	Calling bootstrap method shutdown on webcompat@mozilla.org version 1.1
1512022546970	addons.xpi	DEBUG	Calling bootstrap method shutdown on shield-recipe-client@mozilla.org version 76.1
1512022546972	addons.xpi	DEBUG	Calling bootstrap method shutdown on screenshots@mozilla.org version 19.2.0
1512022546979	addons.xpi	DEBUG	Calling bootstrap method shutdown on onboarding@mozilla.org version 1.0
1512022546980	addons.xpi	DEBUG	Calling bootstrap method shutdown on formautofill@mozilla.org version 1.0
1512022546981	addons.xpi	DEBUG	Calling bootstrap method shutdown on followonsearch@mozilla.com version 0.9.6
1512022546981	addons.xpi	DEBUG	Calling bootstrap method shutdown on firefox@getpocket.com version 1.0.5
1512022546982	addons.xpi	DEBUG	Calling bootstrap method shutdown on e10srollout@mozilla.org version 3.05
1512022546982	addons.xpi	DEBUG	Calling bootstrap method shutdown on aushelper@mozilla.org version 2.0
1512022546983	addons.xpi	DEBUG	Calling bootstrap method shutdown on activity-stream@mozilla.org version 2017.11.07.1100-7f4e3634
Unable to read VR Path Registry from C:\Users\HASEE\AppData\Local\openvr\openvrpaths.vrpath
[Parent 26612, Gecko_IOThread] WARNING: pipe error: 109: file z:/build/build/src/ipc/chromium/src/chrome/common/ipc_channel_win.cc, line 346
[Parent 26612, Gecko_IOThread] WARNING: pipe error: 109: file z:/build/build/src/ipc/chromium/src/chrome/common/ipc_channel_win.cc, line 346
Unable to read VR Path Registry from C:\Users\HASEE\AppData\Local\openvr\openvrpaths.vrpath
[Child 3164, Chrome_ChildThread] WARNING: pipe error: 109: file z:/build/build/src/ipc/chromium/src/chrome/common/ipc_channel_win.cc, line 346
[Child 3164, Chrome_ChildThread] WARNING: pipe error: 109: file z:/build/build/src/ipc/chromium/src/chrome/common/ipc_channel_win.cc, line 346
Unable to read VR Path Registry from C:\Users\HASEE\AppData\Local\openvr\openvrpaths.vrpath
[Child 29464, Chrome_ChildThread] WARNING: pipe error: 109: file z:/build/build/src/ipc/chromium/src/chrome/common/ipc_channel_win.cc, line 346
[Child 29464, Chrome_ChildThread] WARNING: pipe error: 109: file z:/build/build/src/ipc/chromium/src/chrome/common/ipc_channel_win.cc, line 346
1512022547306	addons.manager	DEBUG	shutdown
1512022547308	addons.manager	DEBUG	Calling shutdown blocker for XPIProvider
1512022547308	addons.xpi	DEBUG	shutdown
1512022547308	addons.xpi-utils	DEBUG	shutdown
1512022547308	addons.manager	DEBUG	Calling shutdown blocker for LightweightThemeManager
1512022547309	addons.manager	DEBUG	Calling shutdown blocker for GMPProvider
1512022547309	addons.manager	DEBUG	Calling shutdown blocker for PluginProvider
1512022547309	addons.manager	DEBUG	Calling shutdown blocker for PreviousExperimentProvider
1512022547314	addons.manager	DEBUG	Async provider shutdown done
*** UTM:SVC TimerManager:registerTimer called after profile-before-change notification. Ignoring timer registration for id: telemetry_modules_ping

###!!! [Child][MessageChannel::SendAndWait] Error: Channel error: cannot send/recv

addons.manager	DEBUG	Calling shutdown blocker for LightweightThemeManager
1512022483637	addons.manager	DEBUG	Calling shutdown blocker for GMPProvider
1512022483637	addons.manager	DEBUG	Calling shutdown blocker for PluginProvider
1512022483637	addons.manager	DEBUG	Calling shutdown blocker for PreviousExperimentProvider
1512022483641	addons.manager	DEBUG	Async provider shutdown done
Unable to read VR Path Registry from C:\Users\HASEE\AppData\Local\openvr\openvrpaths.vrpath
[GPU 28648, Chrome_ChildThread] WARNING: pipe error: 109: file z:/build/build/src/ipc/chromium/src/chrome/common/ipc_channel_win.cc, line 346

###!!! [Child][MessageChannel::SendAndWait] Error: Channel error: cannot send/recv

blocker for PreviousExperimentProvider
1512021902059	addons.manager	DEBUG	Async provider shutdown done
Unable to read VR Path Registry from C:\Users\HASEE\AppData\Local\openvr\openvrpaths.vrpath
[GPU 32488, Chrome_ChildThread] WARNING: pipe error: 109: file z:/build/build/src/ipc/chromium/src/chrome/common/ipc_channel_win.cc, line 346

###!!! [Child][MessageChannel::SendAndWait] Error: Channel error: cannot send/recv

